<?xml version="1.0" encoding="UTF-8"?>
<!-- Generated by org.testng.reporters.JUnitXMLReporter -->
<testsuite hostname="LAPTOP-D2OKB3QK" ignored="0" tests="8" failures="0" timestamp="24 三月 2020 01:29:06 GMT" time="37.723" errors="0">
  <testcase name="test1" time="2.514" classname="BJGvoAPITest"/>
  <testcase name="SelctorCheck" time="0.861" classname="QueryDataTest"/>
  <testcase name="queryMethod" time="20.704" classname="QueryDataTest"/>
  <testcase name="testTbphone" time="0.183" classname="TBphoneTest"/>
  <testcase name="testTbphone" time="0.087" classname="TBphoneTest"/>
  <testcase name="testTbphone" time="0.08" classname="TBphoneTest"/>
  <testcase name="testTbphone" time="0.087" classname="TBphoneTest"/>
  <testcase name="testTbphone" time="0.09" classname="TBphoneTest"/>
</testsuite>
