<?xml version="1.0" encoding="UTF-8"?>
<testng-results skipped="0" failed="0" ignored="0" total="8" passed="8">
  <reporter-output>
  </reporter-output>
  <suite name="Command line suite" duration-ms="37723" started-at="2020-03-24T01:28:28Z" finished-at="2020-03-24T01:29:06Z">
    <groups>
    </groups>
    <test name="Command line test" duration-ms="37723" started-at="2020-03-24T01:28:28Z" finished-at="2020-03-24T01:29:06Z">
      <class name="TBphoneTest">
        <test-method status="PASS" signature="beforeClass()[pri:0, instance:TBphoneTest@4f7d0008]" name="beforeClass" is-config="true" duration-ms="28" started-at="2020-03-24T09:29:05Z" finished-at="2020-03-24T09:29:05Z">
          <reporter-output>
          </reporter-output>
        </test-method> <!-- beforeClass -->
        <test-method status="PASS" signature="testTbphone(java.lang.String, java.lang.String, java.lang.String, java.lang.String)[pri:0, instance:TBphoneTest@4f7d0008]" name="testTbphone" duration-ms="183" started-at="2020-03-24T09:29:05Z" data-provider="dataPhoneProvider" finished-at="2020-03-24T09:29:05Z">
          <params>
            <param index="0">
              <value>
                <![CDATA[tel]]>
              </value>
            </param>
            <param index="1">
              <value>
                <![CDATA[18500232857]]>
              </value>
            </param>
            <param index="2">
              <value>
                <![CDATA[https://tcc.taobao.com/cc/json/mobile_tel_segment.htm?]]>
              </value>
            </param>
            <param index="3">
              <value>
                <![CDATA[北京联通]]>
              </value>
            </param>
          </params>
          <reporter-output>
          </reporter-output>
        </test-method> <!-- testTbphone -->
        <test-method status="PASS" signature="testTbphone(java.lang.String, java.lang.String, java.lang.String, java.lang.String)[pri:0, instance:TBphoneTest@4f7d0008]" name="testTbphone" duration-ms="87" started-at="2020-03-24T09:29:05Z" data-provider="dataPhoneProvider" finished-at="2020-03-24T09:29:05Z">
          <params>
            <param index="0">
              <value>
                <![CDATA[tel]]>
              </value>
            </param>
            <param index="1">
              <value>
                <![CDATA[18693715707]]>
              </value>
            </param>
            <param index="2">
              <value>
                <![CDATA[https://tcc.taobao.com/cc/json/mobile_tel_segment.htm?]]>
              </value>
            </param>
            <param index="3">
              <value>
                <![CDATA[甘肃联通]]>
              </value>
            </param>
          </params>
          <reporter-output>
          </reporter-output>
        </test-method> <!-- testTbphone -->
        <test-method status="PASS" signature="testTbphone(java.lang.String, java.lang.String, java.lang.String, java.lang.String)[pri:0, instance:TBphoneTest@4f7d0008]" name="testTbphone" duration-ms="80" started-at="2020-03-24T09:29:05Z" data-provider="dataPhoneProvider" finished-at="2020-03-24T09:29:05Z">
          <params>
            <param index="0">
              <value>
                <![CDATA[tel]]>
              </value>
            </param>
            <param index="1">
              <value>
                <![CDATA[13439131837]]>
              </value>
            </param>
            <param index="2">
              <value>
                <![CDATA[https://tcc.taobao.com/cc/json/mobile_tel_segment.htm]]>
              </value>
            </param>
            <param index="3">
              <value>
                <![CDATA[北京移动]]>
              </value>
            </param>
          </params>
          <reporter-output>
          </reporter-output>
        </test-method> <!-- testTbphone -->
        <test-method status="PASS" signature="testTbphone(java.lang.String, java.lang.String, java.lang.String, java.lang.String)[pri:0, instance:TBphoneTest@4f7d0008]" name="testTbphone" duration-ms="87" started-at="2020-03-24T09:29:05Z" data-provider="dataPhoneProvider" finished-at="2020-03-24T09:29:06Z">
          <params>
            <param index="0">
              <value>
                <![CDATA[tel]]>
              </value>
            </param>
            <param index="1">
              <value>
                <![CDATA[136]]>
              </value>
            </param>
            <param index="2">
              <value>
                <![CDATA[https://tcc.taobao.com/cc/json/mobile_tel_segment.htm]]>
              </value>
            </param>
            <param index="3">
              <value>
                <![CDATA[天津]]>
              </value>
            </param>
          </params>
          <reporter-output>
          </reporter-output>
        </test-method> <!-- testTbphone -->
        <test-method status="PASS" signature="testTbphone(java.lang.String, java.lang.String, java.lang.String, java.lang.String)[pri:0, instance:TBphoneTest@4f7d0008]" name="testTbphone" duration-ms="90" started-at="2020-03-24T09:29:06Z" data-provider="dataPhoneProvider" finished-at="2020-03-24T09:29:06Z">
          <params>
            <param index="0">
              <value>
                <![CDATA[tel]]>
              </value>
            </param>
            <param index="1">
              <value>
                <![CDATA[]]>
              </value>
            </param>
            <param index="2">
              <value>
                <![CDATA[https://tcc.taobao.com/cc/json/mobile_tel_segment.htm]]>
              </value>
            </param>
            <param index="3">
              <value>
                <![CDATA[GetZoneResult]]>
              </value>
            </param>
          </params>
          <reporter-output>
          </reporter-output>
        </test-method> <!-- testTbphone -->
      </class> <!-- TBphoneTest -->
      <class name="BJGvoAPITest">
        <test-method status="PASS" signature="beforeMetod()[pri:0, instance:BJGvoAPITest@5f341870]" name="beforeMetod" is-config="true" duration-ms="502" started-at="2020-03-24T09:28:28Z" finished-at="2020-03-24T09:28:28Z">
          <reporter-output>
          </reporter-output>
        </test-method> <!-- beforeMetod -->
        <test-method status="PASS" signature="test1(java.lang.String, java.lang.String)[pri:0, instance:BJGvoAPITest@5f341870]" name="test1" duration-ms="2514" started-at="2020-03-24T09:28:28Z" data-provider="datasProvider" finished-at="2020-03-24T09:28:31Z">
          <params>
            <param index="0">
              <value>
                <![CDATA[pageId]]>
              </value>
            </param>
            <param index="1">
              <value>
                <![CDATA[314443]]>
              </value>
            </param>
          </params>
          <reporter-output>
          </reporter-output>
        </test-method> <!-- test1 -->
      </class> <!-- BJGvoAPITest -->
      <class name="QueryDataTest">
        <test-method status="PASS" signature="beforeMethod()[pri:0, instance:QueryDataTest@553f17c]" name="beforeMethod" is-config="true" duration-ms="5491" started-at="2020-03-24T09:28:31Z" finished-at="2020-03-24T09:28:36Z">
          <reporter-output>
          </reporter-output>
        </test-method> <!-- beforeMethod -->
        <test-method status="PASS" signature="beforeClass()[pri:0, instance:QueryDataTest@553f17c]" name="beforeClass" is-config="true" duration-ms="0" started-at="2020-03-24T09:28:31Z" finished-at="2020-03-24T09:28:31Z">
          <reporter-output>
          </reporter-output>
        </test-method> <!-- beforeClass -->
        <test-method status="PASS" signature="SelctorCheck()[pri:0, instance:QueryDataTest@553f17c]" name="SelctorCheck" duration-ms="861" started-at="2020-03-24T09:28:36Z" finished-at="2020-03-24T09:28:37Z">
          <reporter-output>
          </reporter-output>
        </test-method> <!-- SelctorCheck -->
        <test-method status="PASS" signature="quitDriver()[pri:0, instance:QueryDataTest@553f17c]" name="quitDriver" is-config="true" duration-ms="1041" started-at="2020-03-24T09:28:37Z" finished-at="2020-03-24T09:28:38Z">
          <reporter-output>
          </reporter-output>
        </test-method> <!-- quitDriver -->
        <test-method status="PASS" signature="beforeMethod()[pri:0, instance:QueryDataTest@553f17c]" name="beforeMethod" is-config="true" duration-ms="5205" started-at="2020-03-24T09:28:38Z" finished-at="2020-03-24T09:28:44Z">
          <reporter-output>
          </reporter-output>
        </test-method> <!-- beforeMethod -->
        <test-method status="PASS" signature="queryMethod(java.lang.String)[pri:0, instance:QueryDataTest@553f17c]" name="queryMethod" duration-ms="20704" started-at="2020-03-24T09:28:44Z" data-provider="dataProvider" finished-at="2020-03-24T09:29:04Z">
          <params>
            <param index="0">
              <value>
                <![CDATA[京211131548774]]>
              </value>
            </param>
          </params>
          <reporter-output>
          </reporter-output>
        </test-method> <!-- queryMethod -->
        <test-method status="PASS" signature="quitDriver()[pri:0, instance:QueryDataTest@553f17c]" name="quitDriver" is-config="true" duration-ms="790" started-at="2020-03-24T09:29:04Z" finished-at="2020-03-24T09:29:05Z">
          <reporter-output>
          </reporter-output>
        </test-method> <!-- quitDriver -->
      </class> <!-- QueryDataTest -->
    </test> <!-- Command line test -->
  </suite> <!-- Command line suite -->
</testng-results>
